<?xml version="1.0" encoding="UTF-8"?>
<!-- Generated by org.testng.reporters.JUnitReportReporter -->
<testsuite hostname="DESKTOP-TL9ALR0" failures="0" tests="5" name="testCases.VideoGameAPITest" time="4.712" errors="0" timestamp="2022-08-07T23:10:31 IST" skipped="0">
  <testcase classname="testCases.VideoGameAPITest" name="test_getAllVideoGames" time="3.219"/>
  <system-out/>
  <testcase classname="testCases.VideoGameAPITest" name="test_createNewVideoGame" time="0.841"/>
  <system-out/>
  <testcase classname="testCases.VideoGameAPITest" name="test_getVideoGame" time="0.519"/>
  <system-out/>
  <testcase classname="testCases.VideoGameAPITest" name="test_UpdateVideoGame" time="0.088"/>
  <system-out/>
  <testcase classname="testCases.VideoGameAPITest" name="test_deleteVideoGame" time="0.045"/>
  <system-out/>
</testsuite> <!-- testCases.VideoGameAPITest -->
