<?xml version="1.0" encoding="UTF-8"?>
<!-- Generated by org.testng.reporters.JUnitReportReporter -->
<testsuite skipped="0" hostname="DESKTOP-TL9ALR0" name="testCases.VideoGameAPITest" tests="5" failures="0" timestamp="2022-08-08T02:23:46 IST" time="9.799" errors="0">
  <testcase name="test_getAllVideoGames" time="4.912" classname="testCases.VideoGameAPITest"/>
  <system-out/>
  <testcase name="test_createNewVideoGame" time="0.933" classname="testCases.VideoGameAPITest"/>
  <system-out/>
  <testcase name="test_getVideoGame" time="0.789" classname="testCases.VideoGameAPITest"/>
  <system-out/>
  <testcase name="test_UpdateVideoGame" time="0.110" classname="testCases.VideoGameAPITest"/>
  <system-out/>
  <testcase name="test_deleteVideoGame" time="3.055" classname="testCases.VideoGameAPITest"/>
  <system-out/>
</testsuite> <!-- testCases.VideoGameAPITest -->
